<?xml version="1.0" encoding="UTF-8"?>
<testng-results ignored="0" total="1" passed="1" failed="0" skipped="0">
  <reporter-output>
  </reporter-output>
  <suite started-at="2023-01-11T10:29:24 IST" name="Default Suite" finished-at="2023-01-11T10:29:29 IST" duration-ms="4713">
    <groups>
    </groups>
    <test started-at="2023-01-11T10:29:24 IST" name="untitled1" finished-at="2023-01-11T10:29:29 IST" duration-ms="4713">
      <class name="org.example.sampletest">
        <test-method signature="test()[pri:0, instance:org.example.sampletest@5dda768f]" started-at="2023-01-11T10:29:24 IST" name="test" finished-at="2023-01-11T10:29:29 IST" duration-ms="4565" status="PASS">
          <reporter-output>
          </reporter-output>
        </test-method> <!-- test -->
      </class> <!-- org.example.sampletest -->
    </test> <!-- untitled1 -->
  </suite> <!-- Default Suite -->
</testng-results>
